<?xml version="1.0" encoding="UTF-8"?>
<!-- Generated by org.testng.reporters.JUnitReportReporter -->
<testsuite hostname="DESKTOP-JMDL3JC" failures="0" tests="1" name="com.actitime.testscript.TestMethod" time="11.404" errors="0" timestamp="2023-05-20T00:34:39 IST" skipped="0">
  <testcase classname="com.actitime.testscript.TestMethod" name="validLogin" time="11.404"/>
  <system-out/>
</testsuite> <!-- com.actitime.testscript.TestMethod -->
