<?xml version="1.0" encoding="UTF-8"?>
<!-- Generated by org.testng.reporters.JUnitReportReporter -->
<testsuite hostname="DESKTOP-JMDL3JC" failures="0" tests="3" name="com.actitime.testscript.Project" time="14.318" errors="0" timestamp="2023-05-28T20:29:42 IST" skipped="0">
  <testcase classname="com.actitime.testscript.Project" name="creteProject" time="4.467"/>
  <system-out>
    <![CDATA[creteProject]]>
  </system-out>
  <testcase classname="com.actitime.testscript.Project" name="ModifyProject" time="5.451"/>
  <system-out>
    <![CDATA[ModifyProject]]>
  </system-out>
  <testcase classname="com.actitime.testscript.Project" name="DeleteProject" time="4.400"/>
  <system-out>
    <![CDATA[DeleteProject]]>
  </system-out>
</testsuite> <!-- com.actitime.testscript.Project -->
